<?xml version="1.0" encoding="UTF-8"?>
<!-- Generated by org.testng.reporters.JUnitReportReporter -->
<testsuite hostname="Deepak" failures="0" tests="1" name="VideoUploadChrome" time="20.907" errors="0" timestamp="2024-10-21T21:03:55 IST" skipped="0">
  <testcase classname="VideoUploadChrome" name="testVideoUploadChrome" time="20.907"/>
  <system-out/>
</testsuite> <!-- VideoUploadChrome -->
