<?xml version="1.0" encoding="UTF-8"?>
<!-- Generated by org.testng.reporters.JUnitReportReporter -->
<testsuite hostname="Deepak" failures="0" tests="1" name="VideoUploadFirefox" time="24.183" errors="0" timestamp="2024-10-21T21:03:55 IST" skipped="0">
  <testcase classname="VideoUploadFirefox" name="testVideoUploadFirefox" time="24.183"/>
  <system-out/>
</testsuite> <!-- VideoUploadFirefox -->
