<?xml version="1.0" encoding="UTF-8"?>
<!-- Generated by org.testng.reporters.JUnitReportReporter -->
<testsuite hostname="Deepak" failures="0" tests="1" name="VideoUploadEdge" time="21.178" errors="0" timestamp="2024-10-21T21:04:58 IST" skipped="0">
  <testcase classname="VideoUploadEdge" name="testVideoUploadEdge" time="21.178"/>
  <system-out/>
</testsuite> <!-- VideoUploadEdge -->
